\BOOKMARK [1][-]{section.1}{\376\377\173\227\154\325\124\016\172\357\133\236\163\260\145\271\154\325}{}% 1
\BOOKMARK [2][-]{subsection.1.1}{\376\377\140\073\217\360}{section.1}% 2
\BOOKMARK [2][-]{subsection.1.2}{\376\377\122\240\217\175\123\302\200\003\213\272\145\207}{section.1}% 3
\BOOKMARK [3][-]{subsubsection.1.2.1}{\376\377\000P\000D\000F\145\207\147\054\124\214\121\154\137\017\143\320\123\326}{subsection.1.2}% 4
\BOOKMARK [3][-]{subsubsection.1.2.2}{\376\377\145\207\147\054\122\006\127\127\131\004\164\006}{subsection.1.2}% 5
\BOOKMARK [3][-]{subsubsection.1.2.3}{\376\377\124\021\221\317\123\026\124\214\133\130\120\250}{subsection.1.2}% 6
\BOOKMARK [2][-]{subsection.1.3}{\376\377\153\265\204\075\121\231\117\134}{section.1}% 7
\BOOKMARK [1][-]{section.2}{\376\377\173\227\154\325\124\016\172\357\117\030\123\026\145\271\154\325}{}% 8
\BOOKMARK [2][-]{subsection.2.1}{\376\377\140\073\217\360}{section.2}% 9
\BOOKMARK [2][-]{subsection.2.2}{\376\377\116\214\153\041\213\367\154\102}{section.2}% 10
\BOOKMARK [3][-]{subsubsection.2.2.1}{\376\377\117\030\123\026\124\021\221\317\145\160\143\156\136\223\122\006\127\127\123\302\145\160}{subsection.2.2}% 11
\BOOKMARK [3][-]{subsubsection.2.2.2}{\376\377\136\224\165\050\221\315\143\222\136\217}{subsection.2.2}% 12
\BOOKMARK [1][-]{section.3}{\376\377\133\236\232\214}{}% 13
\BOOKMARK [2][-]{subsection.3.1}{\376\377\133\236\232\214\163\257\130\203}{section.3}% 14
\BOOKMARK [2][-]{subsection.3.2}{\376\377\145\160\143\156\226\306}{section.3}% 15
\BOOKMARK [2][-]{subsection.3.3}{\376\377\133\236\232\214\213\276\213\241}{section.3}% 16
\BOOKMARK [2][-]{subsection.3.4}{\376\377\133\236\232\214\217\307\172\013}{section.3}% 17
\BOOKMARK [2][-]{subsection.3.5}{\376\377\133\236\232\214\176\323\147\234}{section.3}% 18
\BOOKMARK [2][-]{subsection.3.6}{\376\377\176\323\147\234\122\006\147\220}{section.3}% 19
\BOOKMARK [1][-]{section.4}{\376\377\176\323\213\272}{}% 20
